2024-12-24T05:00:42.398+03:00  INFO 13092 --- [authentication-service] [main] .a.AuthenticationServiceApplicationTests : Starting AuthenticationServiceApplicationTests using Java 17.0.10 with PID 13092 (started by sml_k in D:\Users\sml_k\source\repos\gorevce_app\services\authentication-service)
2024-12-24T05:00:42.420+03:00  INFO 13092 --- [authentication-service] [main] .a.AuthenticationServiceApplicationTests : No active profile set, falling back to 1 default profile: "default"
2024-12-24T05:00:42.556+03:00  INFO 13092 --- [authentication-service] [main] o.s.c.c.c.ConfigServerConfigDataLoader   : Fetching config from server at : http://localhost:8888
2024-12-24T05:00:42.557+03:00  INFO 13092 --- [authentication-service] [main] o.s.c.c.c.ConfigServerConfigDataLoader   : Located environment: name=authentication-service, profiles=[default], label=null, version=null, state=null
2024-12-24T05:00:44.613+03:00  INFO 13092 --- [authentication-service] [main] .s.d.r.c.RepositoryConfigurationDelegate : Bootstrapping Spring Data MongoDB repositories in DEFAULT mode.
2024-12-24T05:00:45.073+03:00  INFO 13092 --- [authentication-service] [main] .s.d.r.c.RepositoryConfigurationDelegate : Finished Spring Data repository scanning in 446 ms. Found 3 MongoDB repository interfaces.
2024-12-24T05:00:45.823+03:00  INFO 13092 --- [authentication-service] [main] o.s.cloud.context.scope.GenericScope     : BeanFactory id=1f8f98b7-f10a-312c-b925-78032193bdb9
2024-12-24T05:00:46.227+03:00  WARN 13092 --- [authentication-service] [main] trationDelegate$BeanPostProcessorChecker : Bean 'org.springframework.cloud.client.loadbalancer.LoadBalancerAutoConfiguration$DeferringLoadBalancerInterceptorConfig' of type [org.springframework.cloud.client.loadbalancer.LoadBalancerAutoConfiguration$DeferringLoadBalancerInterceptorConfig] is not eligible for getting processed by all BeanPostProcessors (for example: not eligible for auto-proxying). The currently created BeanPostProcessor [lbRestClientPostProcessor] is declared through a non-static factory method on that class; consider declaring it as static instead.
2024-12-24T05:00:46.231+03:00  WARN 13092 --- [authentication-service] [main] trationDelegate$BeanPostProcessorChecker : Bean 'deferringLoadBalancerInterceptor' of type [org.springframework.cloud.client.loadbalancer.DeferringLoadBalancerInterceptor] is not eligible for getting processed by all BeanPostProcessors (for example: not eligible for auto-proxying). Is this bean getting eagerly injected/applied to a currently created BeanPostProcessor [lbRestClientPostProcessor]? Check the corresponding BeanPostProcessor declaration and its dependencies/advisors. If this bean does not have to be post-processed, declare it with ROLE_INFRASTRUCTURE.
2024-12-24T05:00:46.941+03:00  INFO 13092 --- [authentication-service] [main] org.mongodb.driver.client                : MongoClient with metadata {"driver": {"name": "mongo-java-driver|sync|spring-boot", "version": "5.0.1"}, "os": {"type": "Windows", "name": "Windows 11", "architecture": "amd64", "version": "10.0"}, "platform": "Java/Oracle Corporation/17.0.10+11-LTS-240"} created with settings MongoClientSettings{readPreference=primary, writeConcern=WriteConcern{w=null, wTimeout=null ms, journal=null}, retryWrites=true, retryReads=true, readConcern=ReadConcern{level=null}, credential=MongoCredential{mechanism=null, userName='admin', source='admin', password=<hidden>, mechanismProperties=<hidden>}, transportSettings=null, commandListeners=[], codecRegistry=ProvidersCodecRegistry{codecProviders=[ValueCodecProvider{}, BsonValueCodecProvider{}, DBRefCodecProvider{}, DBObjectCodecProvider{}, DocumentCodecProvider{}, CollectionCodecProvider{}, IterableCodecProvider{}, MapCodecProvider{}, GeoJsonCodecProvider{}, GridFSFileCodecProvider{}, Jsr310CodecProvider{}, JsonObjectCodecProvider{}, BsonCodecProvider{}, EnumCodecProvider{}, com.mongodb.client.model.mql.ExpressionCodecProvider@39851c5, com.mongodb.Jep395RecordCodecProvider@2c7ad4f3, com.mongodb.KotlinCodecProvider@698f4aa]}, loggerSettings=LoggerSettings{maxDocumentLength=1000}, clusterSettings={hosts=[localhost:27017], srvServiceName=mongodb, mode=SINGLE, requiredClusterType=UNKNOWN, requiredReplicaSetName='null', serverSelector='null', clusterListeners='[]', serverSelectionTimeout='30000 ms', localThreshold='15 ms'}, socketSettings=SocketSettings{connectTimeoutMS=10000, readTimeoutMS=0, receiveBufferSize=0, proxySettings=ProxySettings{host=null, port=null, username=null, password=null}}, heartbeatSocketSettings=SocketSettings{connectTimeoutMS=10000, readTimeoutMS=10000, receiveBufferSize=0, proxySettings=ProxySettings{host=null, port=null, username=null, password=null}}, connectionPoolSettings=ConnectionPoolSettings{maxSize=100, minSize=0, maxWaitTimeMS=120000, maxConnectionLifeTimeMS=0, maxConnectionIdleTimeMS=0, maintenanceInitialDelayMS=0, maintenanceFrequencyMS=60000, connectionPoolListeners=[], maxConnecting=2}, serverSettings=ServerSettings{heartbeatFrequencyMS=10000, minHeartbeatFrequencyMS=500, serverListeners='[]', serverMonitorListeners='[]'}, sslSettings=SslSettings{enabled=false, invalidHostNameAllowed=false, context=null}, applicationName='null', compressorList=[], uuidRepresentation=JAVA_LEGACY, serverApi=null, autoEncryptionSettings=null, dnsClient=null, inetAddressResolver=null, contextProvider=null}
2024-12-24T05:00:46.981+03:00  INFO 13092 --- [authentication-service] [cluster-ClusterId{value='676a15cef8bcb6009512c29f', description='null'}-localhost:27017] org.mongodb.driver.cluster               : Monitor thread successfully connected to server with description ServerDescription{address=localhost:27017, type=STANDALONE, state=CONNECTED, ok=true, minWireVersion=0, maxWireVersion=25, maxDocumentSize=16777216, logicalSessionTimeoutMinutes=30, roundTripTimeNanos=73424900}
2024-12-24T05:00:48.752+03:00  INFO 13092 --- [authentication-service] [main] r$InitializeUserDetailsManagerConfigurer : Global AuthenticationManager configured with UserDetailsService bean with name userDetailsServiceImpl
2024-12-24T05:00:50.695+03:00  INFO 13092 --- [authentication-service] [main] DiscoveryClientOptionalArgsConfiguration : Eureka HTTP Client uses RestTemplate.
2024-12-24T05:00:50.796+03:00  WARN 13092 --- [authentication-service] [main] iguration$LoadBalancerCaffeineWarnLogger : Spring Cloud LoadBalancer is currently working with the default cache. While this cache implementation is useful for development and tests, it's recommended to use Caffeine cache in production.You can switch to using Caffeine cache, by adding it and org.springframework.cache.caffeine.CaffeineCacheManager to the classpath.
2024-12-24T05:00:50.853+03:00  INFO 13092 --- [authentication-service] [main] o.s.c.n.eureka.InstanceInfoFactory       : Setting initial instance status as: STARTING
2024-12-24T05:00:50.971+03:00  INFO 13092 --- [authentication-service] [main] com.netflix.discovery.DiscoveryClient    : Initializing Eureka in region us-east-1
2024-12-24T05:00:50.984+03:00  INFO 13092 --- [authentication-service] [main] c.n.d.s.r.aws.ConfigClusterResolver      : Resolving eureka endpoints via configuration
2024-12-24T05:00:51.009+03:00  INFO 13092 --- [authentication-service] [main] com.netflix.discovery.DiscoveryClient    : Disable delta property : false
2024-12-24T05:00:51.010+03:00  INFO 13092 --- [authentication-service] [main] com.netflix.discovery.DiscoveryClient    : Single vip registry refresh property : null
2024-12-24T05:00:51.010+03:00  INFO 13092 --- [authentication-service] [main] com.netflix.discovery.DiscoveryClient    : Force full registry fetch : false
2024-12-24T05:00:51.010+03:00  INFO 13092 --- [authentication-service] [main] com.netflix.discovery.DiscoveryClient    : Application is null : false
2024-12-24T05:00:51.011+03:00  INFO 13092 --- [authentication-service] [main] com.netflix.discovery.DiscoveryClient    : Registered Applications size is zero : true
2024-12-24T05:00:51.011+03:00  INFO 13092 --- [authentication-service] [main] com.netflix.discovery.DiscoveryClient    : Application version is -1: true
2024-12-24T05:00:51.011+03:00  INFO 13092 --- [authentication-service] [main] com.netflix.discovery.DiscoveryClient    : Getting all instance registry info from the eureka server
2024-12-24T05:00:52.176+03:00  INFO 13092 --- [authentication-service] [main] com.netflix.discovery.DiscoveryClient    : The response status is 200
2024-12-24T05:00:52.182+03:00  INFO 13092 --- [authentication-service] [main] com.netflix.discovery.DiscoveryClient    : Starting heartbeat executor: renew interval is: 30
2024-12-24T05:00:52.189+03:00  INFO 13092 --- [authentication-service] [main] c.n.discovery.InstanceInfoReplicator     : InstanceInfoReplicator onDemand update allowed rate per min is 4
2024-12-24T05:00:52.193+03:00  INFO 13092 --- [authentication-service] [main] com.netflix.discovery.DiscoveryClient    : Discovery Client initialized at timestamp 1735005652192 with initial instances count: 0
2024-12-24T05:00:52.202+03:00  INFO 13092 --- [authentication-service] [main] o.s.c.n.e.s.EurekaServiceRegistry        : Registering application AUTHENTICATION-SERVICE with eureka with status UP
2024-12-24T05:00:52.204+03:00  INFO 13092 --- [authentication-service] [main] com.netflix.discovery.DiscoveryClient    : Saw local status change event StatusChangeEvent [timestamp=1735005652204, current=UP, previous=STARTING]
2024-12-24T05:00:52.208+03:00  INFO 13092 --- [authentication-service] [DiscoveryClient-InstanceInfoReplicator-%d] com.netflix.discovery.DiscoveryClient    : DiscoveryClient_AUTHENTICATION-SERVICE/sml-kttn:authentication-service:8091: registering service...
2024-12-24T05:00:52.229+03:00  INFO 13092 --- [authentication-service] [main] .a.AuthenticationServiceApplicationTests : Started AuthenticationServiceApplicationTests in 13.023 seconds (process running for 16.232)
2024-12-24T05:00:52.472+03:00  INFO 13092 --- [authentication-service] [DiscoveryClient-InstanceInfoReplicator-%d] com.netflix.discovery.DiscoveryClient    : DiscoveryClient_AUTHENTICATION-SERVICE/sml-kttn:authentication-service:8091 - registration status: 204
2024-12-24T05:00:55.287+03:00  INFO 13092 --- [authentication-service] [SpringApplicationShutdownHook] o.s.c.n.e.s.EurekaServiceRegistry        : Unregistering application AUTHENTICATION-SERVICE with eureka with status DOWN
2024-12-24T05:00:55.288+03:00  INFO 13092 --- [authentication-service] [SpringApplicationShutdownHook] com.netflix.discovery.DiscoveryClient    : Saw local status change event StatusChangeEvent [timestamp=1735005655288, current=DOWN, previous=UP]
2024-12-24T05:00:55.288+03:00  INFO 13092 --- [authentication-service] [DiscoveryClient-InstanceInfoReplicator-%d] com.netflix.discovery.DiscoveryClient    : DiscoveryClient_AUTHENTICATION-SERVICE/sml-kttn:authentication-service:8091: registering service...
2024-12-24T05:00:55.313+03:00  INFO 13092 --- [authentication-service] [DiscoveryClient-InstanceInfoReplicator-%d] com.netflix.discovery.DiscoveryClient    : DiscoveryClient_AUTHENTICATION-SERVICE/sml-kttn:authentication-service:8091 - registration status: 204
2024-12-24T05:00:55.330+03:00  INFO 13092 --- [authentication-service] [SpringApplicationShutdownHook] com.netflix.discovery.DiscoveryClient    : Shutting down DiscoveryClient ...
2024-12-24T05:00:58.344+03:00  INFO 13092 --- [authentication-service] [SpringApplicationShutdownHook] com.netflix.discovery.DiscoveryClient    : Unregistering ...
2024-12-24T05:00:58.387+03:00  INFO 13092 --- [authentication-service] [SpringApplicationShutdownHook] com.netflix.discovery.DiscoveryClient    : DiscoveryClient_AUTHENTICATION-SERVICE/sml-kttn:authentication-service:8091 - deregister  status: 200
2024-12-24T05:00:58.388+03:00  INFO 13092 --- [authentication-service] [SpringApplicationShutdownHook] com.netflix.discovery.DiscoveryClient    : Completed shut down of DiscoveryClient
2024-12-24T20:51:17.853+03:00  INFO 14668 --- [authentication-service] [main] .a.AuthenticationServiceApplicationTests : Starting AuthenticationServiceApplicationTests using Java 17.0.10 with PID 14668 (started by sml_k in D:\Users\sml_k\source\repos\gorevce_app\services\authentication-service)
2024-12-24T20:51:17.857+03:00  INFO 14668 --- [authentication-service] [main] .a.AuthenticationServiceApplicationTests : No active profile set, falling back to 1 default profile: "default"
2024-12-24T20:51:20.010+03:00  INFO 14668 --- [authentication-service] [main] .s.d.r.c.RepositoryConfigurationDelegate : Bootstrapping Spring Data MongoDB repositories in DEFAULT mode.
2024-12-24T20:51:20.508+03:00  INFO 14668 --- [authentication-service] [main] .s.d.r.c.RepositoryConfigurationDelegate : Finished Spring Data repository scanning in 483 ms. Found 3 MongoDB repository interfaces.
2024-12-24T20:51:21.317+03:00  INFO 14668 --- [authentication-service] [main] o.s.cloud.context.scope.GenericScope     : BeanFactory id=d0515ec7-b46a-3bde-aa08-ecbb39bcaf7a
2024-12-24T20:51:21.684+03:00  WARN 14668 --- [authentication-service] [main] trationDelegate$BeanPostProcessorChecker : Bean 'org.springframework.cloud.client.loadbalancer.LoadBalancerAutoConfiguration$DeferringLoadBalancerInterceptorConfig' of type [org.springframework.cloud.client.loadbalancer.LoadBalancerAutoConfiguration$DeferringLoadBalancerInterceptorConfig] is not eligible for getting processed by all BeanPostProcessors (for example: not eligible for auto-proxying). The currently created BeanPostProcessor [lbRestClientPostProcessor] is declared through a non-static factory method on that class; consider declaring it as static instead.
2024-12-24T20:51:21.693+03:00  WARN 14668 --- [authentication-service] [main] trationDelegate$BeanPostProcessorChecker : Bean 'deferringLoadBalancerInterceptor' of type [org.springframework.cloud.client.loadbalancer.DeferringLoadBalancerInterceptor] is not eligible for getting processed by all BeanPostProcessors (for example: not eligible for auto-proxying). Is this bean getting eagerly injected/applied to a currently created BeanPostProcessor [lbRestClientPostProcessor]? Check the corresponding BeanPostProcessor declaration and its dependencies/advisors. If this bean does not have to be post-processed, declare it with ROLE_INFRASTRUCTURE.
2024-12-24T20:51:22.186+03:00  INFO 14668 --- [authentication-service] [main] org.mongodb.driver.client                : MongoClient with metadata {"driver": {"name": "mongo-java-driver|sync|spring-boot", "version": "5.0.1"}, "os": {"type": "Windows", "name": "Windows 11", "architecture": "amd64", "version": "10.0"}, "platform": "Java/Oracle Corporation/17.0.10+11-LTS-240"} created with settings MongoClientSettings{readPreference=primary, writeConcern=WriteConcern{w=null, wTimeout=null ms, journal=null}, retryWrites=true, retryReads=true, readConcern=ReadConcern{level=null}, credential=MongoCredential{mechanism=null, userName='admin', source='admin', password=<hidden>, mechanismProperties=<hidden>}, transportSettings=null, commandListeners=[], codecRegistry=ProvidersCodecRegistry{codecProviders=[ValueCodecProvider{}, BsonValueCodecProvider{}, DBRefCodecProvider{}, DBObjectCodecProvider{}, DocumentCodecProvider{}, CollectionCodecProvider{}, IterableCodecProvider{}, MapCodecProvider{}, GeoJsonCodecProvider{}, GridFSFileCodecProvider{}, Jsr310CodecProvider{}, JsonObjectCodecProvider{}, BsonCodecProvider{}, EnumCodecProvider{}, com.mongodb.client.model.mql.ExpressionCodecProvider@66713605, com.mongodb.Jep395RecordCodecProvider@2ab09943, com.mongodb.KotlinCodecProvider@7d50f2a8]}, loggerSettings=LoggerSettings{maxDocumentLength=1000}, clusterSettings={hosts=[localhost:27017], srvServiceName=mongodb, mode=SINGLE, requiredClusterType=UNKNOWN, requiredReplicaSetName='null', serverSelector='null', clusterListeners='[]', serverSelectionTimeout='30000 ms', localThreshold='15 ms'}, socketSettings=SocketSettings{connectTimeoutMS=10000, readTimeoutMS=0, receiveBufferSize=0, proxySettings=ProxySettings{host=null, port=null, username=null, password=null}}, heartbeatSocketSettings=SocketSettings{connectTimeoutMS=10000, readTimeoutMS=10000, receiveBufferSize=0, proxySettings=ProxySettings{host=null, port=null, username=null, password=null}}, connectionPoolSettings=ConnectionPoolSettings{maxSize=100, minSize=0, maxWaitTimeMS=120000, maxConnectionLifeTimeMS=0, maxConnectionIdleTimeMS=0, maintenanceInitialDelayMS=0, maintenanceFrequencyMS=60000, connectionPoolListeners=[], maxConnecting=2}, serverSettings=ServerSettings{heartbeatFrequencyMS=10000, minHeartbeatFrequencyMS=500, serverListeners='[]', serverMonitorListeners='[]'}, sslSettings=SslSettings{enabled=false, invalidHostNameAllowed=false, context=null}, applicationName='null', compressorList=[], uuidRepresentation=JAVA_LEGACY, serverApi=null, autoEncryptionSettings=null, dnsClient=null, inetAddressResolver=null, contextProvider=null}
2024-12-24T20:51:22.229+03:00  INFO 14668 --- [authentication-service] [cluster-ClusterId{value='676af49aa6dca158ef4db5d7', description='null'}-localhost:27017] org.mongodb.driver.cluster               : Monitor thread successfully connected to server with description ServerDescription{address=localhost:27017, type=STANDALONE, state=CONNECTED, ok=true, minWireVersion=0, maxWireVersion=25, maxDocumentSize=16777216, logicalSessionTimeoutMinutes=30, roundTripTimeNanos=38754200}
2024-12-24T20:51:23.180+03:00  INFO 14668 --- [authentication-service] [main] r$InitializeUserDetailsManagerConfigurer : Global AuthenticationManager configured with UserDetailsService bean with name userDetailsServiceImpl
2024-12-24T20:51:24.714+03:00  INFO 14668 --- [authentication-service] [main] DiscoveryClientOptionalArgsConfiguration : Eureka HTTP Client uses RestTemplate.
2024-12-24T20:51:24.960+03:00  WARN 14668 --- [authentication-service] [main] iguration$LoadBalancerCaffeineWarnLogger : Spring Cloud LoadBalancer is currently working with the default cache. While this cache implementation is useful for development and tests, it's recommended to use Caffeine cache in production.You can switch to using Caffeine cache, by adding it and org.springframework.cache.caffeine.CaffeineCacheManager to the classpath.
2024-12-24T20:51:25.148+03:00  INFO 14668 --- [authentication-service] [main] o.s.c.n.eureka.InstanceInfoFactory       : Setting initial instance status as: STARTING
2024-12-24T20:51:25.411+03:00  INFO 14668 --- [authentication-service] [main] com.netflix.discovery.DiscoveryClient    : Initializing Eureka in region us-east-1
2024-12-24T20:51:25.459+03:00  INFO 14668 --- [authentication-service] [main] c.n.d.s.r.aws.ConfigClusterResolver      : Resolving eureka endpoints via configuration
2024-12-24T20:51:25.494+03:00  INFO 14668 --- [authentication-service] [main] com.netflix.discovery.DiscoveryClient    : Disable delta property : false
2024-12-24T20:51:25.494+03:00  INFO 14668 --- [authentication-service] [main] com.netflix.discovery.DiscoveryClient    : Single vip registry refresh property : null
2024-12-24T20:51:25.494+03:00  INFO 14668 --- [authentication-service] [main] com.netflix.discovery.DiscoveryClient    : Force full registry fetch : false
2024-12-24T20:51:25.496+03:00  INFO 14668 --- [authentication-service] [main] com.netflix.discovery.DiscoveryClient    : Application is null : false
2024-12-24T20:51:25.497+03:00  INFO 14668 --- [authentication-service] [main] com.netflix.discovery.DiscoveryClient    : Registered Applications size is zero : true
2024-12-24T20:51:25.497+03:00  INFO 14668 --- [authentication-service] [main] com.netflix.discovery.DiscoveryClient    : Application version is -1: true
2024-12-24T20:51:25.498+03:00  INFO 14668 --- [authentication-service] [main] com.netflix.discovery.DiscoveryClient    : Getting all instance registry info from the eureka server
2024-12-24T20:51:26.739+03:00  INFO 14668 --- [authentication-service] [main] com.netflix.discovery.DiscoveryClient    : The response status is 200
2024-12-24T20:51:26.743+03:00  INFO 14668 --- [authentication-service] [main] com.netflix.discovery.DiscoveryClient    : Starting heartbeat executor: renew interval is: 30
2024-12-24T20:51:26.748+03:00  INFO 14668 --- [authentication-service] [main] c.n.discovery.InstanceInfoReplicator     : InstanceInfoReplicator onDemand update allowed rate per min is 4
2024-12-24T20:51:26.753+03:00  INFO 14668 --- [authentication-service] [main] com.netflix.discovery.DiscoveryClient    : Discovery Client initialized at timestamp 1735062686751 with initial instances count: 1
2024-12-24T20:51:26.764+03:00  INFO 14668 --- [authentication-service] [main] o.s.c.n.e.s.EurekaServiceRegistry        : Registering application AUTHENTICATION-SERVICE with eureka with status UP
2024-12-24T20:51:26.766+03:00  INFO 14668 --- [authentication-service] [main] com.netflix.discovery.DiscoveryClient    : Saw local status change event StatusChangeEvent [timestamp=1735062686766, current=UP, previous=STARTING]
2024-12-24T20:51:26.772+03:00  INFO 14668 --- [authentication-service] [DiscoveryClient-InstanceInfoReplicator-%d] com.netflix.discovery.DiscoveryClient    : DiscoveryClient_AUTHENTICATION-SERVICE/sml-kttn:authentication-service:8091: registering service...
2024-12-24T20:51:26.805+03:00  INFO 14668 --- [authentication-service] [main] .a.AuthenticationServiceApplicationTests : Started AuthenticationServiceApplicationTests in 9.673 seconds (process running for 11.631)
2024-12-24T20:51:26.969+03:00  INFO 14668 --- [authentication-service] [DiscoveryClient-InstanceInfoReplicator-%d] com.netflix.discovery.DiscoveryClient    : DiscoveryClient_AUTHENTICATION-SERVICE/sml-kttn:authentication-service:8091 - registration status: 204
2024-12-24T20:51:28.641+03:00  INFO 14668 --- [authentication-service] [SpringApplicationShutdownHook] o.s.c.n.e.s.EurekaServiceRegistry        : Unregistering application AUTHENTICATION-SERVICE with eureka with status DOWN
2024-12-24T20:51:28.642+03:00  INFO 14668 --- [authentication-service] [SpringApplicationShutdownHook] com.netflix.discovery.DiscoveryClient    : Saw local status change event StatusChangeEvent [timestamp=1735062688642, current=DOWN, previous=UP]
2024-12-24T20:51:28.643+03:00  INFO 14668 --- [authentication-service] [DiscoveryClient-InstanceInfoReplicator-%d] com.netflix.discovery.DiscoveryClient    : DiscoveryClient_AUTHENTICATION-SERVICE/sml-kttn:authentication-service:8091: registering service...
2024-12-24T20:51:28.657+03:00  INFO 14668 --- [authentication-service] [DiscoveryClient-InstanceInfoReplicator-%d] com.netflix.discovery.DiscoveryClient    : DiscoveryClient_AUTHENTICATION-SERVICE/sml-kttn:authentication-service:8091 - registration status: 204
2024-12-24T20:51:28.688+03:00  INFO 14668 --- [authentication-service] [SpringApplicationShutdownHook] com.netflix.discovery.DiscoveryClient    : Shutting down DiscoveryClient ...
2024-12-24T20:51:31.704+03:00  INFO 14668 --- [authentication-service] [SpringApplicationShutdownHook] com.netflix.discovery.DiscoveryClient    : Unregistering ...
2024-12-24T20:51:31.725+03:00  INFO 14668 --- [authentication-service] [SpringApplicationShutdownHook] com.netflix.discovery.DiscoveryClient    : DiscoveryClient_AUTHENTICATION-SERVICE/sml-kttn:authentication-service:8091 - deregister  status: 200
2024-12-24T20:51:31.726+03:00  INFO 14668 --- [authentication-service] [SpringApplicationShutdownHook] com.netflix.discovery.DiscoveryClient    : Completed shut down of DiscoveryClient
